[debug] [2023-10-14T10:57:14.753Z] ----------------------------------------------------------------------
[debug] [2023-10-14T10:57:14.755Z] Command:       C:\Program Files\nodejs\node.exe C:\Users\kaili\AppData\Roaming\npm\node_modules\firebase-tools\lib\bin\firebase.js deploy --only functions:sendWeeklyNewsletter
[debug] [2023-10-14T10:57:14.756Z] CLI Version:   12.4.4
[debug] [2023-10-14T10:57:14.756Z] Platform:      win32
[debug] [2023-10-14T10:57:14.756Z] Node Version:  v18.12.1
[debug] [2023-10-14T10:57:14.757Z] Time:          Sat Oct 14 2023 21:57:14 GMT+1100 (Australian Eastern Daylight Time)
[debug] [2023-10-14T10:57:14.758Z] ----------------------------------------------------------------------
[debug] 
[debug] [2023-10-14T10:57:14.762Z] >>> [apiv2][query] GET https://firebase-public.firebaseio.com/cli.json [none]
[debug] [2023-10-14T10:57:14.896Z] > command requires scopes: ["email","openid","https://www.googleapis.com/auth/cloudplatformprojects.readonly","https://www.googleapis.com/auth/firebase","https://www.googleapis.com/auth/cloud-platform"]
[debug] [2023-10-14T10:57:14.897Z] > authorizing via signed-in user (kailicen226@gmail.com)
[debug] [2023-10-14T10:57:14.897Z] [iam] checking project kaikul for permissions ["cloudfunctions.functions.create","cloudfunctions.functions.delete","cloudfunctions.functions.get","cloudfunctions.functions.list","cloudfunctions.functions.update","cloudfunctions.operations.get","firebase.projects.get"]
[debug] [2023-10-14T10:57:14.899Z] > refreshing access token with scopes: []
[debug] [2023-10-14T10:57:14.901Z] >>> [apiv2][query] POST https://www.googleapis.com/oauth2/v3/token [none]
[debug] [2023-10-14T10:57:14.901Z] >>> [apiv2][body] POST https://www.googleapis.com/oauth2/v3/token [omitted]
[debug] [2023-10-14T10:57:15.224Z] <<< [apiv2][status] POST https://www.googleapis.com/oauth2/v3/token 200
[debug] [2023-10-14T10:57:15.224Z] <<< [apiv2][body] POST https://www.googleapis.com/oauth2/v3/token [omitted]
[debug] [2023-10-14T10:57:15.239Z] >>> [apiv2][query] POST https://cloudresourcemanager.googleapis.com/v1/projects/kaikul:testIamPermissions [none]
[debug] [2023-10-14T10:57:15.239Z] >>> [apiv2][(partial)header] POST https://cloudresourcemanager.googleapis.com/v1/projects/kaikul:testIamPermissions x-goog-quota-user=projects/kaikul
[debug] [2023-10-14T10:57:15.240Z] >>> [apiv2][body] POST https://cloudresourcemanager.googleapis.com/v1/projects/kaikul:testIamPermissions {"permissions":["cloudfunctions.functions.create","cloudfunctions.functions.delete","cloudfunctions.functions.get","cloudfunctions.functions.list","cloudfunctions.functions.update","cloudfunctions.operations.get","firebase.projects.get"]}
[debug] [2023-10-14T10:57:15.355Z] <<< [apiv2][status] GET https://firebase-public.firebaseio.com/cli.json 200
[debug] [2023-10-14T10:57:15.355Z] <<< [apiv2][body] GET https://firebase-public.firebaseio.com/cli.json {"cloudBuildErrorAfter":1594252800000,"cloudBuildWarnAfter":1590019200000,"defaultNode10After":1594252800000,"minVersion":"3.0.5","node8DeploysDisabledAfter":1613390400000,"node8RuntimeDisabledAfter":1615809600000,"node8WarnAfter":1600128000000}
